[debug] [2025-12-19T18:30:45.914Z] ----------------------------------------------------------------------
[debug] [2025-12-19T18:30:45.916Z] Command:       C:\Program Files\nodejs\node.exe C:\Users\Justin Ace Ardena\AppData\Roaming\npm\node_modules\firebase-tools\lib\bin\firebase.js init
[debug] [2025-12-19T18:30:45.916Z] CLI Version:   15.1.0
[debug] [2025-12-19T18:30:45.916Z] Platform:      win32
[debug] [2025-12-19T18:30:45.916Z] Node Version:  v22.19.0
[debug] [2025-12-19T18:30:45.916Z] Time:          Sat Dec 20 2025 02:30:45 GMT+0800 (China Standard Time)
[debug] [2025-12-19T18:30:45.916Z] ----------------------------------------------------------------------
[debug] 
[info] 
     ######## #### ########  ######## ########     ###     ######  ########
     ##        ##  ##     ## ##       ##     ##  ##   ##  ##       ##
     ######    ##  ########  ######   ########  #########  ######  ######
     ##        ##  ##    ##  ##       ##     ## ##     ##       ## ##
     ##       #### ##     ## ######## ########  ##     ##  ######  ########

You're about to initialize a Firebase project in this directory:

  C:\Users\Justin Ace Ardena\Desktop\PorscheForYou

[info] 
=== Project Setup
[info] 
[info] First, let's associate this project directory with a Firebase project.
[info] You can create multiple project aliases by running firebase use --add, 
[info] 
[debug] [2025-12-19T18:31:16.661Z] > command requires scopes: ["email","openid","https://www.googleapis.com/auth/cloudplatformprojects.readonly","https://www.googleapis.com/auth/firebase","https://www.googleapis.com/auth/cloud-platform"]
[debug] [2025-12-19T18:31:16.661Z] > authorizing via signed-in user (justinace20@gmail.com)
[debug] [2025-12-19T18:31:16.663Z] Checked if tokens are valid: true, expires at: 1766172623051
[debug] [2025-12-19T18:31:16.663Z] Checked if tokens are valid: true, expires at: 1766172623051
[debug] [2025-12-19T18:31:16.664Z] >>> [apiv2][query] GET https://firebase.googleapis.com/v1beta1/projects pageSize=100
[debug] [2025-12-19T18:31:17.275Z] <<< [apiv2][status] GET https://firebase.googleapis.com/v1beta1/projects 200
[debug] [2025-12-19T18:31:17.275Z] <<< [apiv2][body] GET https://firebase.googleapis.com/v1beta1/projects [omitted]
[info] 
=== Dataconnect Setup
[info] i  dataconnect: ensuring required API firebasedataconnect.googleapis.com is enabled... 
[debug] [2025-12-19T18:31:21.258Z] Checked if tokens are valid: true, expires at: 1766172623051
[debug] [2025-12-19T18:31:21.258Z] Checked if tokens are valid: true, expires at: 1766172623051
[info] i  dataconnect: ensuring required API sqladmin.googleapis.com is enabled... 
[debug] [2025-12-19T18:31:21.259Z] Checked if tokens are valid: true, expires at: 1766172623051
[debug] [2025-12-19T18:31:21.259Z] Checked if tokens are valid: true, expires at: 1766172623051
[debug] [2025-12-19T18:31:21.259Z] >>> [apiv2][query] GET https://serviceusage.googleapis.com/v1/projects/porscheforyou-6dcd4/services/firebasedataconnect.googleapis.com [none]
[debug] [2025-12-19T18:31:21.260Z] >>> [apiv2][(partial)header] GET https://serviceusage.googleapis.com/v1/projects/porscheforyou-6dcd4/services/firebasedataconnect.googleapis.com x-goog-quota-user=projects/porscheforyou-6dcd4
[debug] [2025-12-19T18:31:21.260Z] >>> [apiv2][query] GET https://serviceusage.googleapis.com/v1/projects/porscheforyou-6dcd4/services/sqladmin.googleapis.com [none]
[debug] [2025-12-19T18:31:21.260Z] >>> [apiv2][(partial)header] GET https://serviceusage.googleapis.com/v1/projects/porscheforyou-6dcd4/services/sqladmin.googleapis.com x-goog-quota-user=projects/porscheforyou-6dcd4
[debug] [2025-12-19T18:31:22.611Z] <<< [apiv2][status] GET https://serviceusage.googleapis.com/v1/projects/porscheforyou-6dcd4/services/sqladmin.googleapis.com 200
[debug] [2025-12-19T18:31:22.611Z] <<< [apiv2][body] GET https://serviceusage.googleapis.com/v1/projects/porscheforyou-6dcd4/services/sqladmin.googleapis.com [omitted]
[warn] !  dataconnect: missing required API sqladmin.googleapis.com. Enabling now... 
[debug] [2025-12-19T18:31:22.612Z] Checked if tokens are valid: true, expires at: 1766172623051
[debug] [2025-12-19T18:31:22.612Z] Checked if tokens are valid: true, expires at: 1766172623051
[debug] [2025-12-19T18:31:22.612Z] >>> [apiv2][query] POST https://serviceusage.googleapis.com/v1/projects/porscheforyou-6dcd4/services/sqladmin.googleapis.com:enable [none]
[debug] [2025-12-19T18:31:22.612Z] >>> [apiv2][(partial)header] POST https://serviceusage.googleapis.com/v1/projects/porscheforyou-6dcd4/services/sqladmin.googleapis.com:enable x-goog-quota-user=projects/porscheforyou-6dcd4
[debug] [2025-12-19T18:31:22.614Z] <<< [apiv2][status] GET https://serviceusage.googleapis.com/v1/projects/porscheforyou-6dcd4/services/firebasedataconnect.googleapis.com 200
[debug] [2025-12-19T18:31:22.614Z] <<< [apiv2][body] GET https://serviceusage.googleapis.com/v1/projects/porscheforyou-6dcd4/services/firebasedataconnect.googleapis.com [omitted]
[warn] !  dataconnect: missing required API firebasedataconnect.googleapis.com. Enabling now... 
[debug] [2025-12-19T18:31:22.614Z] Checked if tokens are valid: true, expires at: 1766172623051
[debug] [2025-12-19T18:31:22.614Z] Checked if tokens are valid: true, expires at: 1766172623051
[debug] [2025-12-19T18:31:22.614Z] >>> [apiv2][query] POST https://serviceusage.googleapis.com/v1/projects/porscheforyou-6dcd4/services/firebasedataconnect.googleapis.com:enable [none]
[debug] [2025-12-19T18:31:22.614Z] >>> [apiv2][(partial)header] POST https://serviceusage.googleapis.com/v1/projects/porscheforyou-6dcd4/services/firebasedataconnect.googleapis.com:enable x-goog-quota-user=projects/porscheforyou-6dcd4
[debug] [2025-12-19T18:31:22.981Z] <<< [apiv2][status] POST https://serviceusage.googleapis.com/v1/projects/porscheforyou-6dcd4/services/firebasedataconnect.googleapis.com:enable 200
[debug] [2025-12-19T18:31:22.981Z] <<< [apiv2][body] POST https://serviceusage.googleapis.com/v1/projects/porscheforyou-6dcd4/services/firebasedataconnect.googleapis.com:enable [omitted]
[debug] [2025-12-19T18:31:23.894Z] <<< [apiv2][status] POST https://serviceusage.googleapis.com/v1/projects/porscheforyou-6dcd4/services/sqladmin.googleapis.com:enable 200
[debug] [2025-12-19T18:31:23.894Z] <<< [apiv2][body] POST https://serviceusage.googleapis.com/v1/projects/porscheforyou-6dcd4/services/sqladmin.googleapis.com:enable [omitted]
[debug] [2025-12-19T18:31:33.905Z] Checked if tokens are valid: true, expires at: 1766172623051
[debug] [2025-12-19T18:31:33.906Z] Checked if tokens are valid: true, expires at: 1766172623051
[debug] [2025-12-19T18:31:33.906Z] >>> [apiv2][query] GET https://firebasedataconnect.googleapis.com/v1/projects/porscheforyou-6dcd4/locations/-/services [none]
[debug] [2025-12-19T18:31:35.451Z] <<< [apiv2][status] GET https://firebasedataconnect.googleapis.com/v1/projects/porscheforyou-6dcd4/locations/-/services 200
[debug] [2025-12-19T18:31:35.451Z] <<< [apiv2][body] GET https://firebasedataconnect.googleapis.com/v1/projects/porscheforyou-6dcd4/locations/-/services {}
[info] i  : ensuring required API cloudaicompanion.googleapis.com is enabled... 
[debug] [2025-12-19T18:31:40.929Z] Checked if tokens are valid: true, expires at: 1766172623051
[debug] [2025-12-19T18:31:40.929Z] Checked if tokens are valid: true, expires at: 1766172623051
[debug] [2025-12-19T18:31:40.929Z] >>> [apiv2][query] GET https://serviceusage.googleapis.com/v1/projects/porscheforyou-6dcd4/services/cloudaicompanion.googleapis.com [none]
[debug] [2025-12-19T18:31:40.930Z] >>> [apiv2][(partial)header] GET https://serviceusage.googleapis.com/v1/projects/porscheforyou-6dcd4/services/cloudaicompanion.googleapis.com x-goog-quota-user=projects/porscheforyou-6dcd4
[debug] [2025-12-19T18:31:42.189Z] <<< [apiv2][status] GET https://serviceusage.googleapis.com/v1/projects/porscheforyou-6dcd4/services/cloudaicompanion.googleapis.com 200
[debug] [2025-12-19T18:31:42.189Z] <<< [apiv2][body] GET https://serviceusage.googleapis.com/v1/projects/porscheforyou-6dcd4/services/cloudaicompanion.googleapis.com [omitted]
[info] +  : required API cloudaicompanion.googleapis.com is enabled 
[debug] [2025-12-19T18:31:50.208Z] Checked if tokens are valid: true, expires at: 1766172623051
[debug] [2025-12-19T18:31:50.208Z] Checked if tokens are valid: true, expires at: 1766172623051
[debug] [2025-12-19T18:31:50.209Z] >>> [apiv2][query] GET https://cloudbilling.googleapis.com/v1/projects/porscheforyou-6dcd4/billingInfo [none]
[debug] [2025-12-19T18:31:51.423Z] <<< [apiv2][status] GET https://cloudbilling.googleapis.com/v1/projects/porscheforyou-6dcd4/billingInfo 200
[debug] [2025-12-19T18:31:51.424Z] <<< [apiv2][body] GET https://cloudbilling.googleapis.com/v1/projects/porscheforyou-6dcd4/billingInfo {"name":"projects/porscheforyou-6dcd4/billingInfo","projectId":"porscheforyou-6dcd4","billingAccountName":"","billingEnabled":false}
[debug] [2025-12-19T18:31:51.427Z] Checked if tokens are valid: true, expires at: 1766172623051
[debug] [2025-12-19T18:31:51.427Z] Checked if tokens are valid: true, expires at: 1766172623051
[debug] [2025-12-19T18:31:51.427Z] >>> [apiv2][query] GET https://monitoring.googleapis.com/v3/projects/porscheforyou-6dcd4/timeSeries/ filter=metric.type%3D%22serviceruntime.googleapis.com%2Fquota%2Fallocation%2Fusage%22+AND+metric.label.quota_metric+%3D+%22sqladmin.googleapis.com%2Ffdc_lifetime_free_trial_per_project%22&interval.endTime=2025-12-19T18%3A31%3A51.426Z&interval.startTime=2025-12-12T18%3A31%3A51.424Z
[debug] [2025-12-19T18:31:52.541Z] <<< [apiv2][status] GET https://monitoring.googleapis.com/v3/projects/porscheforyou-6dcd4/timeSeries/ 200
[debug] [2025-12-19T18:31:52.541Z] <<< [apiv2][body] GET https://monitoring.googleapis.com/v3/projects/porscheforyou-6dcd4/timeSeries/ {"unit":"1"}
[info] +  dataconnect: Detected existing apps . (web) 
[debug] [2025-12-19T18:31:52.555Z] Checked if tokens are valid: true, expires at: 1766172623051
[debug] [2025-12-19T18:31:52.556Z] Checked if tokens are valid: true, expires at: 1766172623051
[debug] [2025-12-19T18:31:52.556Z] >>> [apiv2][query] POST https://firebasedataconnect.googleapis.com/v1/projects/porscheforyou-6dcd4/locations/us-east4/services service_id=porscheforyou
[debug] [2025-12-19T18:31:52.556Z] >>> [apiv2][body] POST https://firebasedataconnect.googleapis.com/v1/projects/porscheforyou-6dcd4/locations/us-east4/services {"name":"projects/porscheforyou-6dcd4/locations/us-east4/services/porscheforyou"}
[debug] [2025-12-19T18:31:55.538Z] <<< [apiv2][status] POST https://firebasedataconnect.googleapis.com/v1/projects/porscheforyou-6dcd4/locations/us-east4/services 200
[debug] [2025-12-19T18:31:55.539Z] <<< [apiv2][body] POST https://firebasedataconnect.googleapis.com/v1/projects/porscheforyou-6dcd4/locations/us-east4/services {"name":"projects/porscheforyou-6dcd4/locations/us-east4/operations/operation-1766169116923-646524ad3d58f-e1cd7bd5-b4b0e28d","metadata":{"@type":"type.googleapis.com/google.firebase.dataconnect.v1.OperationMetadata","createTime":"2025-12-19T18:31:58.461558812Z","target":"projects/porscheforyou-6dcd4/locations/us-east4/services/porscheforyou","verb":"create","requestedCancellation":false,"apiVersion":"v1"},"done":false}
[debug] [2025-12-19T18:31:55.540Z] Checked if tokens are valid: true, expires at: 1766172623051
[debug] [2025-12-19T18:31:55.540Z] Checked if tokens are valid: true, expires at: 1766172623051
[debug] [2025-12-19T18:31:55.541Z] >>> [apiv2][query] GET https://firebasedataconnect.googleapis.com/v1/projects/porscheforyou-6dcd4/locations/us-east4/operations/operation-1766169116923-646524ad3d58f-e1cd7bd5-b4b0e28d [none]
[debug] [2025-12-19T18:31:55.819Z] <<< [apiv2][status] GET https://firebasedataconnect.googleapis.com/v1/projects/porscheforyou-6dcd4/locations/us-east4/operations/operation-1766169116923-646524ad3d58f-e1cd7bd5-b4b0e28d 200
[debug] [2025-12-19T18:31:55.819Z] <<< [apiv2][body] GET https://firebasedataconnect.googleapis.com/v1/projects/porscheforyou-6dcd4/locations/us-east4/operations/operation-1766169116923-646524ad3d58f-e1cd7bd5-b4b0e28d {"name":"projects/porscheforyou-6dcd4/locations/us-east4/operations/operation-1766169116923-646524ad3d58f-e1cd7bd5-b4b0e28d","metadata":{"@type":"type.googleapis.com/google.firebase.dataconnect.v1.OperationMetadata","createTime":"2025-12-19T18:31:58.461558812Z","target":"projects/porscheforyou-6dcd4/locations/us-east4/services/porscheforyou","verb":"create","requestedCancellation":false,"apiVersion":"v1"},"done":false}
[debug] [2025-12-19T18:31:56.321Z] [LRO Poller] Retrying task index 0
[debug] [2025-12-19T18:31:56.321Z] Checked if tokens are valid: true, expires at: 1766172623051
[debug] [2025-12-19T18:31:56.321Z] Checked if tokens are valid: true, expires at: 1766172623051
[debug] [2025-12-19T18:31:56.322Z] >>> [apiv2][query] GET https://firebasedataconnect.googleapis.com/v1/projects/porscheforyou-6dcd4/locations/us-east4/operations/operation-1766169116923-646524ad3d58f-e1cd7bd5-b4b0e28d [none]
[debug] [2025-12-19T18:31:56.583Z] <<< [apiv2][status] GET https://firebasedataconnect.googleapis.com/v1/projects/porscheforyou-6dcd4/locations/us-east4/operations/operation-1766169116923-646524ad3d58f-e1cd7bd5-b4b0e28d 200
[debug] [2025-12-19T18:31:56.583Z] <<< [apiv2][body] GET https://firebasedataconnect.googleapis.com/v1/projects/porscheforyou-6dcd4/locations/us-east4/operations/operation-1766169116923-646524ad3d58f-e1cd7bd5-b4b0e28d {"name":"projects/porscheforyou-6dcd4/locations/us-east4/operations/operation-1766169116923-646524ad3d58f-e1cd7bd5-b4b0e28d","metadata":{"@type":"type.googleapis.com/google.firebase.dataconnect.v1.OperationMetadata","createTime":"2025-12-19T18:31:58.461558812Z","target":"projects/porscheforyou-6dcd4/locations/us-east4/services/porscheforyou","verb":"create","requestedCancellation":false,"apiVersion":"v1"},"done":false}
[debug] [2025-12-19T18:31:57.585Z] [LRO Poller] Retrying task index 0
[debug] [2025-12-19T18:31:57.586Z] Checked if tokens are valid: true, expires at: 1766172623051
[debug] [2025-12-19T18:31:57.586Z] Checked if tokens are valid: true, expires at: 1766172623051
[debug] [2025-12-19T18:31:57.586Z] >>> [apiv2][query] GET https://firebasedataconnect.googleapis.com/v1/projects/porscheforyou-6dcd4/locations/us-east4/operations/operation-1766169116923-646524ad3d58f-e1cd7bd5-b4b0e28d [none]
[debug] [2025-12-19T18:31:57.856Z] <<< [apiv2][status] GET https://firebasedataconnect.googleapis.com/v1/projects/porscheforyou-6dcd4/locations/us-east4/operations/operation-1766169116923-646524ad3d58f-e1cd7bd5-b4b0e28d 200
[debug] [2025-12-19T18:31:57.856Z] <<< [apiv2][body] GET https://firebasedataconnect.googleapis.com/v1/projects/porscheforyou-6dcd4/locations/us-east4/operations/operation-1766169116923-646524ad3d58f-e1cd7bd5-b4b0e28d {"name":"projects/porscheforyou-6dcd4/locations/us-east4/operations/operation-1766169116923-646524ad3d58f-e1cd7bd5-b4b0e28d","metadata":{"@type":"type.googleapis.com/google.firebase.dataconnect.v1.OperationMetadata","createTime":"2025-12-19T18:31:58.461558812Z","endTime":"2025-12-19T18:31:59.605010144Z","target":"projects/porscheforyou-6dcd4/locations/us-east4/services/porscheforyou","verb":"create","requestedCancellation":false,"apiVersion":"v1"},"done":true,"response":{"@type":"type.googleapis.com/google.firebase.dataconnect.v1.Service","name":"projects/porscheforyou-6dcd4/locations/us-east4/services/porscheforyou","createTime":"2025-12-19T18:31:58.457363422Z","updateTime":"2025-12-19T18:31:58.457363422Z","uid":"af7dcb8c-766a-4bee-a950-1519c6b5f02c","reconciling":false,"etag":"qB_0Lnz8ZSxPacKkou3PIiZ7XmdD5n5nyGi89VSV1kk"}}
[debug] [2025-12-19T18:31:57.859Z] Checked if tokens are valid: true, expires at: 1766172623051
[debug] [2025-12-19T18:31:57.860Z] Checked if tokens are valid: true, expires at: 1766172623051
[debug] [2025-12-19T18:31:57.860Z] >>> [apiv2][query] POST https://cloudaicompanion.googleapis.com/v1beta/projects/porscheforyou-6dcd4/locations/global/instances/default:completeTask [none]
[debug] [2025-12-19T18:31:57.860Z] >>> [apiv2][body] POST https://cloudaicompanion.googleapis.com/v1beta/projects/porscheforyou-6dcd4/locations/global/instances/default:completeTask {"input":{"messages":[{"content":"porsche match maker","author":"USER"}]},"experienceContext":{"experience":"/appeco/firebase/fdc-schema-generator"}}
[debug] [2025-12-19T18:32:04.282Z] <<< [apiv2][status] POST https://cloudaicompanion.googleapis.com/v1beta/projects/porscheforyou-6dcd4/locations/global/instances/default:completeTask 200
[debug] [2025-12-19T18:32:04.282Z] <<< [apiv2][body] POST https://cloudaicompanion.googleapis.com/v1beta/projects/porscheforyou-6dcd4/locations/global/instances/default:completeTask {"output":{"messages":[{"content":"```graphql\ntype User @table {\n  firebaseUid: String!\n  createdAt: Timestamp!\n  email: String\n  displayName: String\n}\n\ntype BodyType @table {\n  name: String!\n}\n\ntype Model @table {\n  name: String!\n  year: Int!\n  bodyType: BodyType!\n  createdAt: Timestamp!\n  description: String\n  imageUrl: String\n  engineType: String\n  horsepower: Int\n  torque: Int\n  topSpeed: Int\n  zeroToSixty: Float\n}\n\ntype Favorite @table(key: [\"user\", \"model\"]) {\n  user: User!\n  model: Model!\n  createdAt: Timestamp!\n}\n```\n"}]},"displayContext":{"additionalContext":{"@type":"type.googleapis.com/google.cloud.cloudaicompanion.v1main.FirebaseChatDisplayContext","firebaseFdcDisplayContext":{"schemaSyntaxError":""}}}}
[debug] [2025-12-19T18:32:04.284Z] Checked if tokens are valid: true, expires at: 1766172623051
[debug] [2025-12-19T18:32:04.284Z] Checked if tokens are valid: true, expires at: 1766172623051
[debug] [2025-12-19T18:32:04.284Z] >>> [apiv2][query] PATCH https://firebasedataconnect.googleapis.com/v1/projects/porscheforyou-6dcd4/locations/us-east4/services/porscheforyou/schemas/main allowMissing=true&validateOnly=false
[debug] [2025-12-19T18:32:04.284Z] >>> [apiv2][body] PATCH https://firebasedataconnect.googleapis.com/v1/projects/porscheforyou-6dcd4/locations/us-east4/services/porscheforyou/schemas/main {"name":"projects/porscheforyou-6dcd4/locations/us-east4/services/porscheforyou/schemas/main","datasources":[{"postgresql":{}}],"source":{"files":[{"path":"schema.gql","content":"type User @table {\n  firebaseUid: String!\n  createdAt: Timestamp!\n  email: String\n  displayName: String\n}\n\ntype BodyType @table {\n  name: String!\n}\n\ntype Model @table {\n  name: String!\n  year: Int!\n  bodyType: BodyType!\n  createdAt: Timestamp!\n  description: String\n  imageUrl: String\n  engineType: String\n  horsepower: Int\n  torque: Int\n  topSpeed: Int\n  zeroToSixty: Float\n}\n\ntype Favorite @table(key: [\"user\", \"model\"]) {\n  user: User!\n  model: Model!\n  createdAt: Timestamp!\n}"}]}}
[debug] [2025-12-19T18:32:05.666Z] <<< [apiv2][status] PATCH https://firebasedataconnect.googleapis.com/v1/projects/porscheforyou-6dcd4/locations/us-east4/services/porscheforyou/schemas/main 200
[debug] [2025-12-19T18:32:05.666Z] <<< [apiv2][body] PATCH https://firebasedataconnect.googleapis.com/v1/projects/porscheforyou-6dcd4/locations/us-east4/services/porscheforyou/schemas/main {"name":"projects/porscheforyou-6dcd4/locations/us-east4/operations/operation-1766169128536-646524b850aa7-44a0eb77-d038e454","metadata":{"@type":"type.googleapis.com/google.firebase.dataconnect.v1.OperationMetadata","createTime":"2025-12-19T18:32:08.603833645Z","target":"projects/porscheforyou-6dcd4/locations/us-east4/services/porscheforyou/schemas/main","verb":"update","requestedCancellation":false,"apiVersion":"v1"},"done":false}
[debug] [2025-12-19T18:32:05.667Z] Checked if tokens are valid: true, expires at: 1766172623051
[debug] [2025-12-19T18:32:05.667Z] Checked if tokens are valid: true, expires at: 1766172623051
[debug] [2025-12-19T18:32:05.667Z] >>> [apiv2][query] GET https://firebasedataconnect.googleapis.com/v1/projects/porscheforyou-6dcd4/locations/us-east4/operations/operation-1766169128536-646524b850aa7-44a0eb77-d038e454 [none]
[debug] [2025-12-19T18:32:05.934Z] <<< [apiv2][status] GET https://firebasedataconnect.googleapis.com/v1/projects/porscheforyou-6dcd4/locations/us-east4/operations/operation-1766169128536-646524b850aa7-44a0eb77-d038e454 200
[debug] [2025-12-19T18:32:05.934Z] <<< [apiv2][body] GET https://firebasedataconnect.googleapis.com/v1/projects/porscheforyou-6dcd4/locations/us-east4/operations/operation-1766169128536-646524b850aa7-44a0eb77-d038e454 {"name":"projects/porscheforyou-6dcd4/locations/us-east4/operations/operation-1766169128536-646524b850aa7-44a0eb77-d038e454","metadata":{"@type":"type.googleapis.com/google.firebase.dataconnect.v1.OperationMetadata","createTime":"2025-12-19T18:32:08.603833645Z","endTime":"2025-12-19T18:32:08.829672344Z","target":"projects/porscheforyou-6dcd4/locations/us-east4/services/porscheforyou/schemas/main","verb":"update","requestedCancellation":false,"apiVersion":"v1"},"done":true}
[debug] [2025-12-19T18:32:05.935Z] Checked if tokens are valid: true, expires at: 1766172623051
[debug] [2025-12-19T18:32:05.935Z] Checked if tokens are valid: true, expires at: 1766172623051
[debug] [2025-12-19T18:32:05.935Z] Checked if tokens are valid: true, expires at: 1766172623051
[debug] [2025-12-19T18:32:05.935Z] Checked if tokens are valid: true, expires at: 1766172623051
[debug] [2025-12-19T18:32:05.935Z] >>> [apiv2][query] POST https://cloudaicompanion.googleapis.com/v1beta/projects/porscheforyou-6dcd4/locations/global/instances/default:completeTask [none]
[debug] [2025-12-19T18:32:05.935Z] >>> [apiv2][body] POST https://cloudaicompanion.googleapis.com/v1beta/projects/porscheforyou-6dcd4/locations/global/instances/default:completeTask {"input":{"messages":[{"content":"Create 4 operations for an app using the instance schema with proper authentication.","author":"USER"}]},"experienceContext":{"experience":"/appeco/firebase/fdc-query-generator"},"clientContext":{"additionalContext":{"@type":"type.googleapis.com/google.cloud.cloudaicompanion.v1main.FirebaseChatRequestContext","fdcInfo":{"fdcServiceName":"projects/porscheforyou-6dcd4/locations/us-east4/services/porscheforyou","requiresQuery":true}}}}
[debug] [2025-12-19T18:32:05.936Z] >>> [apiv2][query] POST https://cloudaicompanion.googleapis.com/v1beta/projects/porscheforyou-6dcd4/locations/global/instances/default:completeTask [none]
[debug] [2025-12-19T18:32:05.936Z] >>> [apiv2][body] POST https://cloudaicompanion.googleapis.com/v1beta/projects/porscheforyou-6dcd4/locations/global/instances/default:completeTask {"input":{"messages":[{"content":"Create a mutation to populate the database with some seed data.","author":"USER"}]},"experienceContext":{"experience":"/appeco/firebase/fdc-query-generator"},"clientContext":{"additionalContext":{"@type":"type.googleapis.com/google.cloud.cloudaicompanion.v1main.FirebaseChatRequestContext","fdcInfo":{"fdcServiceName":"projects/porscheforyou-6dcd4/locations/us-east4/services/porscheforyou","requiresQuery":true}}}}
[debug] [2025-12-19T18:32:10.944Z] <<< [apiv2][status] POST https://cloudaicompanion.googleapis.com/v1beta/projects/porscheforyou-6dcd4/locations/global/instances/default:completeTask 200
[debug] [2025-12-19T18:32:10.945Z] <<< [apiv2][body] POST https://cloudaicompanion.googleapis.com/v1beta/projects/porscheforyou-6dcd4/locations/global/instances/default:completeTask {"output":{"messages":[{"content":"```graphql\nmutation CreateUser @auth(level: USER) {\n  user_insert(data: {\n    firebaseUid_expr: \"auth.uid\",\n    createdAt_expr: \"request.time\",\n  })\n}\n\nquery ListModels @auth(level: PUBLIC, insecureReason: \"This operation is safe to expose to the public\") {\n  models {\n    id\n    name\n    year\n    imageUrl\n  }\n}\n\nmutation AddFavorite($modelId: UUID!) @auth(level: USER) {\n  favorite_insert(data: {\n    userId_expr: \"auth.uid\",\n    modelId: $modelId,\n    createdAt_expr: \"request.time\"\n  })\n}\n\nquery GetFavorites @auth(level: USER) {\n  favorites(where: {userId: {eq_expr: \"auth.uid\"}}) {\n    model {\n      id\n      name\n      year\n      imageUrl\n    }\n  }\n}\n```","author":"model"}]},"outputDataContext":{"additionalContext":{"@type":"type.googleapis.com/google.cloud.cloudaicompanion.v1main.ChatOutputDataContext","relatedContent":{}}},"attributionContext":{"citationMetadata":{}}}
[debug] [2025-12-19T18:32:12.273Z] <<< [apiv2][status] POST https://cloudaicompanion.googleapis.com/v1beta/projects/porscheforyou-6dcd4/locations/global/instances/default:completeTask 200
[debug] [2025-12-19T18:32:12.273Z] <<< [apiv2][body] POST https://cloudaicompanion.googleapis.com/v1beta/projects/porscheforyou-6dcd4/locations/global/instances/default:completeTask {"output":{"messages":[{"content":"```graphql\nmutation CreateSeedData @transaction @auth(level: PUBLIC, insecureReason: \"This mutation is used to populate the database with seed data and is safe to expose to the public\") {\n  bodyType_insertMany(data: [\n    {\n      id: \"11111111-1111-1111-1111-111111111111\",\n      name: \"Sedan\"\n    },\n    {\n      id: \"22222222-2222-2222-2222-222222222222\",\n      name: \"SUV\"\n    },\n    {\n      id: \"33333333-3333-3333-3333-333333333333\",\n      name: \"Truck\"\n    }\n  ])\n  model_insertMany(data: [\n    {\n      id: \"44444444-4444-4444-4444-444444444444\",\n      bodyTypeId: \"11111111-1111-1111-1111-111111111111\",\n      name: \"Sample Sedan Model\",\n      year: 2023,\n      engineType: \"Gasoline\",\n      horsepower: 300,\n      torque: 300,\n      topSpeed: 155,\n      zeroToSixty: 5.0\n    },\n    {\n      id: \"55555555-5555-5555-5555-555555555555\",\n      bodyTypeId: \"22222222-2222-2222-2222-222222222222\",\n      name: \"Sample SUV Model\",\n      year: 2023,\n      engineType: \"Gasoline\",\n      horsepower: 400,\n      torque: 400,\n      topSpeed: 160,\n      zeroToSixty: 6.0\n    },\n    {\n      id: \"66666666-6666-6666-6666-666666666666\",\n      bodyTypeId: \"33333333-3333-3333-3333-333333333333\",\n      name: \"Sample Truck Model\",\n      year: 2023,\n      engineType: \"Diesel\",\n      horsepower: 450,\n      torque: 900,\n      topSpeed: 100,\n      zeroToSixty: 7.0\n    }\n  ])\n}\n```\n","author":"model"}]},"outputDataContext":{"additionalContext":{"@type":"type.googleapis.com/google.cloud.cloudaicompanion.v1main.ChatOutputDataContext","relatedContent":{}}},"attributionContext":{"citationMetadata":{}}}
[info] +  Wrote dataconnect\dataconnect.yaml 
[info] +  Wrote dataconnect\seed_data.gql 
[info] +  Wrote dataconnect\schema\schema.gql 
[info] +  Wrote dataconnect\example\connector.yaml 
[info] +  Wrote dataconnect\example\queries.gql 
[info] +  Wrote dataconnect\example\connector.yaml 
[info] i  dataconnect: Installing the generated SDKs ... 
[info] i  dataconnect: downloading dataconnect-emulator-3.0.1.exe... {"metadata":{"emulator":{"name":"dataconnect"},"message":"downloading dataconnect-emulator-3.0.1.exe..."}}
[debug] [2025-12-19T18:32:12.314Z] >>> [apiv2][query] GET https://storage.googleapis.com/firemat-preview-drop/emulator/dataconnect-emulator-windows-amd64-v3.0.1 
[debug] [2025-12-19T18:32:12.777Z] <<< [apiv2][status] GET https://storage.googleapis.com/firemat-preview-drop/emulator/dataconnect-emulator-windows-amd64-v3.0.1 200
[debug] [2025-12-19T18:32:12.777Z] <<< [apiv2][body] GET https://storage.googleapis.com/firemat-preview-drop/emulator/dataconnect-emulator-windows-amd64-v3.0.1 [stream]
[debug] [2025-12-19T18:32:18.646Z] defaultcredentials: writing to file C:\Users\Justin Ace Ardena\AppData\Roaming\firebase\justinace20_gmail_com_application_default_credentials.json
[info] +  dataconnect: Installed generated SDKs for . (web) 
[info] i  Visit https://firebase.google.com/docs/data-connect/web-sdk#react for more information on how to set up React Generated SDKs for Firebase Data Connect 
[info] 
=== Firestore Setup
[info] i  firestore: ensuring required API firestore.googleapis.com is enabled... 
[debug] [2025-12-19T18:32:23.002Z] Checked if tokens are valid: true, expires at: 1766172623051
[debug] [2025-12-19T18:32:23.002Z] Checked if tokens are valid: true, expires at: 1766172623051
[debug] [2025-12-19T18:32:23.002Z] >>> [apiv2][query] GET https://serviceusage.googleapis.com/v1/projects/porscheforyou-6dcd4/services/firestore.googleapis.com [none]
[debug] [2025-12-19T18:32:23.002Z] >>> [apiv2][(partial)header] GET https://serviceusage.googleapis.com/v1/projects/porscheforyou-6dcd4/services/firestore.googleapis.com x-goog-quota-user=projects/porscheforyou-6dcd4
[debug] [2025-12-19T18:32:24.312Z] <<< [apiv2][status] GET https://serviceusage.googleapis.com/v1/projects/porscheforyou-6dcd4/services/firestore.googleapis.com 200
[debug] [2025-12-19T18:32:24.313Z] <<< [apiv2][body] GET https://serviceusage.googleapis.com/v1/projects/porscheforyou-6dcd4/services/firestore.googleapis.com [omitted]
[warn] !  firestore: missing required API firestore.googleapis.com. Enabling now... 
[debug] [2025-12-19T18:32:24.313Z] Checked if tokens are valid: true, expires at: 1766172623051
[debug] [2025-12-19T18:32:24.313Z] Checked if tokens are valid: true, expires at: 1766172623051
[debug] [2025-12-19T18:32:24.313Z] >>> [apiv2][query] POST https://serviceusage.googleapis.com/v1/projects/porscheforyou-6dcd4/services/firestore.googleapis.com:enable [none]
[debug] [2025-12-19T18:32:24.313Z] >>> [apiv2][(partial)header] POST https://serviceusage.googleapis.com/v1/projects/porscheforyou-6dcd4/services/firestore.googleapis.com:enable x-goog-quota-user=projects/porscheforyou-6dcd4
[debug] [2025-12-19T18:32:24.702Z] <<< [apiv2][status] POST https://serviceusage.googleapis.com/v1/projects/porscheforyou-6dcd4/services/firestore.googleapis.com:enable 200
[debug] [2025-12-19T18:32:24.702Z] <<< [apiv2][body] POST https://serviceusage.googleapis.com/v1/projects/porscheforyou-6dcd4/services/firestore.googleapis.com:enable [omitted]
[debug] [2025-12-19T18:32:34.717Z] Checked if tokens are valid: true, expires at: 1766172623051
[debug] [2025-12-19T18:32:34.717Z] Checked if tokens are valid: true, expires at: 1766172623051
[debug] [2025-12-19T18:32:34.717Z] >>> [apiv2][query] GET https://firestore.googleapis.com/v1/projects/porscheforyou-6dcd4/databases [none]
[debug] [2025-12-19T18:32:35.476Z] <<< [apiv2][status] GET https://firestore.googleapis.com/v1/projects/porscheforyou-6dcd4/databases 200
[debug] [2025-12-19T18:32:35.476Z] <<< [apiv2][body] GET https://firestore.googleapis.com/v1/projects/porscheforyou-6dcd4/databases {}
[debug] [2025-12-19T18:32:35.477Z] Checked if tokens are valid: true, expires at: 1766172623051
[debug] [2025-12-19T18:32:35.477Z] Checked if tokens are valid: true, expires at: 1766172623051
[debug] [2025-12-19T18:32:35.477Z] >>> [apiv2][query] GET https://firestore.googleapis.com/v1/projects/porscheforyou-6dcd4/locations [none]
[debug] [2025-12-19T18:32:35.623Z] <<< [apiv2][status] GET https://firestore.googleapis.com/v1/projects/porscheforyou-6dcd4/locations 200
[debug] [2025-12-19T18:32:35.623Z] <<< [apiv2][body] GET https://firestore.googleapis.com/v1/projects/porscheforyou-6dcd4/locations {"locations":[{"name":"projects/porscheforyou-6dcd4/locations/eur3","labels":{"appengine.googleapis.com/geo":"europe-west","cloud.googleapis.com/location":"eur3","cloud.googleapis.com/geo":"eur3"},"metadata":{"@type":"type.googleapis.com/google.firestore.admin.v1.LocationMetadata"},"locationId":"eur3","displayName":"Europe"},{"name":"projects/porscheforyou-6dcd4/locations/nam5","labels":{"appengine.googleapis.com/geo":"us-central","cloud.googleapis.com/location":"nam5","cloud.googleapis.com/geo":"nam5"},"metadata":{"@type":"type.googleapis.com/google.firestore.admin.v1.LocationMetadata"},"locationId":"nam5","displayName":"United States"},{"name":"projects/porscheforyou-6dcd4/locations/nam7","labels":{"cloud.googleapis.com/location":"nam7","cloud.googleapis.com/geo":"nam7"},"metadata":{"@type":"type.googleapis.com/google.firestore.admin.v1.LocationMetadata"},"locationId":"nam7","displayName":"United States"},{"name":"projects/porscheforyou-6dcd4/locations/africa-south1","labels":{"cloud.googleapis.com/location":"africa-south1","cloud.googleapis.com/region":"africa-south1"},"metadata":{"@type":"type.googleapis.com/google.firestore.admin.v1.LocationMetadata"},"locationId":"africa-south1","displayName":"Johannesburg"},{"name":"projects/porscheforyou-6dcd4/locations/asia-east1","labels":{"appengine.googleapis.com/region":"asia-east1","cloud.googleapis.com/location":"asia-east1","cloud.googleapis.com/region":"asia-east1"},"metadata":{"@type":"type.googleapis.com/google.firestore.admin.v1.LocationMetadata"},"locationId":"asia-east1","displayName":"Taiwan"},{"name":"projects/porscheforyou-6dcd4/locations/asia-east2","labels":{"appengine.googleapis.com/region":"asia-east2","cloud.googleapis.com/location":"asia-east2","cloud.googleapis.com/region":"asia-east2"},"metadata":{"@type":"type.googleapis.com/google.firestore.admin.v1.LocationMetadata"},"locationId":"asia-east2","displayName":"Hong Kong"},{"name":"projects/porscheforyou-6dcd4/locations/asia-northeast1","labels":{"appengine.googleapis.com/region":"asia-northeast1","cloud.googleapis.com/location":"asia-northeast1","cloud.googleapis.com/region":"asia-northeast1"},"metadata":{"@type":"type.googleapis.com/google.firestore.admin.v1.LocationMetadata"},"locationId":"asia-northeast1","displayName":"Tokyo"},{"name":"projects/porscheforyou-6dcd4/locations/asia-northeast2","labels":{"appengine.googleapis.com/region":"asia-northeast2","cloud.googleapis.com/location":"asia-northeast2","cloud.googleapis.com/region":"asia-northeast2"},"metadata":{"@type":"type.googleapis.com/google.firestore.admin.v1.LocationMetadata"},"locationId":"asia-northeast2","displayName":"Osaka"},{"name":"projects/porscheforyou-6dcd4/locations/asia-northeast3","labels":{"appengine.googleapis.com/region":"asia-northeast3","cloud.googleapis.com/location":"asia-northeast3","cloud.googleapis.com/region":"asia-northeast3"},"metadata":{"@type":"type.googleapis.com/google.firestore.admin.v1.LocationMetadata"},"locationId":"asia-northeast3","displayName":"Seoul"},{"name":"projects/porscheforyou-6dcd4/locations/asia-south1","labels":{"appengine.googleapis.com/region":"asia-south1","cloud.googleapis.com/location":"asia-south1","cloud.googleapis.com/region":"asia-south1"},"metadata":{"@type":"type.googleapis.com/google.firestore.admin.v1.LocationMetadata"},"locationId":"asia-south1","displayName":"Mumbai"},{"name":"projects/porscheforyou-6dcd4/locations/asia-south2","labels":{"cloud.googleapis.com/location":"asia-south2","cloud.googleapis.com/region":"asia-south2"},"metadata":{"@type":"type.googleapis.com/google.firestore.admin.v1.LocationMetadata"},"locationId":"asia-south2","displayName":"Delhi"},{"name":"projects/porscheforyou-6dcd4/locations/asia-southeast1","labels":{"appengine.googleapis.com/region":"asia-southeast1","cloud.googleapis.com/location":"asia-southeast1","cloud.googleapis.com/region":"asia-southeast1"},"metadata":{"@type":"type.googleapis.com/google.firestore.admin.v1.LocationMetadata"},"locationId":"asia-southeast1","displayName":"Singapore"},{"name":"projects/porscheforyou-6dcd4/locations/asia-southeast2","labels":{"appengine.googleapis.com/region":"asia-southeast2","cloud.googleapis.com/location":"asia-southeast2","cloud.googleapis.com/region":"asia-southeast2"},"metadata":{"@type":"type.googleapis.com/google.firestore.admin.v1.LocationMetadata"},"locationId":"asia-southeast2","displayName":"Jakarta"},{"name":"projects/porscheforyou-6dcd4/locations/australia-southeast1","labels":{"appengine.googleapis.com/region":"australia-southeast1","cloud.googleapis.com/location":"australia-southeast1","cloud.googleapis.com/region":"australia-southeast1"},"metadata":{"@type":"type.googleapis.com/google.firestore.admin.v1.LocationMetadata"},"locationId":"australia-southeast1","displayName":"Sydney"},{"name":"projects/porscheforyou-6dcd4/locations/australia-southeast2","labels":{"cloud.googleapis.com/location":"australia-southeast2","cloud.googleapis.com/region":"australia-southeast2"},"metadata":{"@type":"type.googleapis.com/google.firestore.admin.v1.LocationMetadata"},"locationId":"australia-southeast2","displayName":"Melbourne"},{"name":"projects/porscheforyou-6dcd4/locations/europe-central2","labels":{"appengine.googleapis.com/region":"europe-central2","cloud.googleapis.com/location":"europe-central2","cloud.googleapis.com/region":"europe-central2"},"metadata":{"@type":"type.googleapis.com/google.firestore.admin.v1.LocationMetadata"},"locationId":"europe-central2","displayName":"Warsaw"},{"name":"projects/porscheforyou-6dcd4/locations/europe-north1","labels":{"cloud.googleapis.com/location":"europe-north1","cloud.googleapis.com/region":"europe-north1"},"metadata":{"@type":"type.googleapis.com/google.firestore.admin.v1.LocationMetadata"},"locationId":"europe-north1","displayName":"Finland"},{"name":"projects/porscheforyou-6dcd4/locations/europe-north2","labels":{"cloud.googleapis.com/location":"europe-north2","cloud.googleapis.com/region":"europe-north2"},"metadata":{"@type":"type.googleapis.com/google.firestore.admin.v1.LocationMetadata"},"locationId":"europe-north2","displayName":"Stockholm"},{"name":"projects/porscheforyou-6dcd4/locations/europe-southwest1","labels":{"cloud.googleapis.com/location":"europe-southwest1","cloud.googleapis.com/region":"europe-southwest1"},"metadata":{"@type":"type.googleapis.com/google.firestore.admin.v1.LocationMetadata"},"locationId":"europe-southwest1","displayName":"Madrid"},{"name":"projects/porscheforyou-6dcd4/locations/europe-west1","labels":{"cloud.googleapis.com/location":"europe-west1","cloud.googleapis.com/region":"europe-west1"},"metadata":{"@type":"type.googleapis.com/google.firestore.admin.v1.LocationMetadata"},"locationId":"europe-west1","displayName":"Belgium"},{"name":"projects/porscheforyou-6dcd4/locations/europe-west10","labels":{"cloud.googleapis.com/location":"europe-west10","cloud.googleapis.com/region":"europe-west10"},"metadata":{"@type":"type.googleapis.com/google.firestore.admin.v1.LocationMetadata"},"locationId":"europe-west10","displayName":"Berlin"},{"name":"projects/porscheforyou-6dcd4/locations/europe-west12","labels":{"cloud.googleapis.com/location":"europe-west12","cloud.googleapis.com/region":"europe-west12"},"metadata":{"@type":"type.googleapis.com/google.firestore.admin.v1.LocationMetadata"},"locationId":"europe-west12","displayName":"Turin"},{"name":"projects/porscheforyou-6dcd4/locations/europe-west2","labels":{"appengine.googleapis.com/region":"europe-west2","cloud.googleapis.com/location":"europe-west2","cloud.googleapis.com/region":"europe-west2"},"metadata":{"@type":"type.googleapis.com/google.firestore.admin.v1.LocationMetadata"},"locationId":"europe-west2","displayName":"London"},{"name":"projects/porscheforyou-6dcd4/locations/europe-west3","labels":{"appengine.googleapis.com/region":"europe-west3","cloud.googleapis.com/location":"europe-west3","cloud.googleapis.com/region":"europe-west3"},"metadata":{"@type":"type.googleapis.com/google.firestore.admin.v1.LocationMetadata"},"locationId":"europe-west3","displayName":"Frankfurt"},{"name":"projects/porscheforyou-6dcd4/locations/europe-west4","labels":{"cloud.googleapis.com/location":"europe-west4","cloud.googleapis.com/region":"europe-west4"},"metadata":{"@type":"type.googleapis.com/google.firestore.admin.v1.LocationMetadata"},"locationId":"europe-west4","displayName":"Netherlands"},{"name":"projects/porscheforyou-6dcd4/locations/europe-west6","labels":{"appengine.googleapis.com/region":"europe-west6","cloud.googleapis.com/location":"europe-west6","cloud.googleapis.com/region":"europe-west6"},"metadata":{"@type":"type.googleapis.com/google.firestore.admin.v1.LocationMetadata"},"locationId":"europe-west6","displayName":"Zurich"},{"name":"projects/porscheforyou-6dcd4/locations/europe-west8","labels":{"cloud.googleapis.com/location":"europe-west8","cloud.googleapis.com/region":"europe-west8"},"metadata":{"@type":"type.googleapis.com/google.firestore.admin.v1.LocationMetadata"},"locationId":"europe-west8","displayName":"Milan"},{"name":"projects/porscheforyou-6dcd4/locations/europe-west9","labels":{"cloud.googleapis.com/location":"europe-west9","cloud.googleapis.com/region":"europe-west9"},"metadata":{"@type":"type.googleapis.com/google.firestore.admin.v1.LocationMetadata"},"locationId":"europe-west9","displayName":"Paris"},{"name":"projects/porscheforyou-6dcd4/locations/me-central1","labels":{"cloud.googleapis.com/location":"me-central1","cloud.googleapis.com/region":"me-central1"},"metadata":{"@type":"type.googleapis.com/google.firestore.admin.v1.LocationMetadata"},"locationId":"me-central1","displayName":"Doha"},{"name":"projects/porscheforyou-6dcd4/locations/me-central2","labels":{"cloud.googleapis.com/location":"me-central2","cloud.googleapis.com/region":"me-central2"},"metadata":{"@type":"type.googleapis.com/google.firestore.admin.v1.LocationMetadata"},"locationId":"me-central2","displayName":"Dammam"},{"name":"projects/porscheforyou-6dcd4/locations/me-west1","labels":{"cloud.googleapis.com/location":"me-west1","cloud.googleapis.com/region":"me-west1"},"metadata":{"@type":"type.googleapis.com/google.firestore.admin.v1.LocationMetadata"},"locationId":"me-west1","displayName":"Tel Aviv"},{"name":"projects/porscheforyou-6dcd4/locations/northamerica-northeast1","labels":{"appengine.googleapis.com/region":"northamerica-northeast1","cloud.googleapis.com/location":"northamerica-northeast1","cloud.googleapis.com/region":"northamerica-northeast1"},"metadata":{"@type":"type.googleapis.com/google.firestore.admin.v1.LocationMetadata"},"locationId":"northamerica-northeast1","displayName":"Montréal"},{"name":"projects/porscheforyou-6dcd4/locations/northamerica-northeast2","labels":{"cloud.googleapis.com/location":"northamerica-northeast2","cloud.googleapis.com/region":"northamerica-northeast2"},"metadata":{"@type":"type.googleapis.com/google.firestore.admin.v1.LocationMetadata"},"locationId":"northamerica-northeast2","displayName":"Toronto"},{"name":"projects/porscheforyou-6dcd4/locations/northamerica-south1","labels":{"cloud.googleapis.com/location":"northamerica-south1","cloud.googleapis.com/region":"northamerica-south1"},"metadata":{"@type":"type.googleapis.com/google.firestore.admin.v1.LocationMetadata"},"locationId":"northamerica-south1","displayName":"Mexico"},{"name":"projects/porscheforyou-6dcd4/locations/southamerica-east1","labels":{"appengine.googleapis.com/region":"southamerica-east1","cloud.googleapis.com/location":"southamerica-east1","cloud.googleapis.com/region":"southamerica-east1"},"metadata":{"@type":"type.googleapis.com/google.firestore.admin.v1.LocationMetadata"},"locationId":"southamerica-east1","displayName":"São Paulo"},{"name":"projects/porscheforyou-6dcd4/locations/southamerica-west1","labels":{"cloud.googleapis.com/location":"southamerica-west1","cloud.googleapis.com/region":"southamerica-west1"},"metadata":{"@type":"type.googleapis.com/google.firestore.admin.v1.LocationMetadata"},"locationId":"southamerica-west1","displayName":"Santiago"},{"name":"projects/porscheforyou-6dcd4/locations/us-central1","labels":{"cloud.googleapis.com/location":"us-central1","cloud.googleapis.com/region":"us-central1"},"metadata":{"@type":"type.googleapis.com/google.firestore.admin.v1.LocationMetadata"},"locationId":"us-central1","displayName":"Iowa"},{"name":"projects/porscheforyou-6dcd4/locations/us-east1","labels":{"appengine.googleapis.com/region":"us-east1","cloud.googleapis.com/location":"us-east1","cloud.googleapis.com/region":"us-east1"},"metadata":{"@type":"type.googleapis.com/google.firestore.admin.v1.LocationMetadata"},"locationId":"us-east1","displayName":"South Carolina"},{"name":"projects/porscheforyou-6dcd4/locations/us-east4","labels":{"appengine.googleapis.com/region":"us-east4","cloud.googleapis.com/location":"us-east4","cloud.googleapis.com/region":"us-east4"},"metadata":{"@type":"type.googleapis.com/google.firestore.admin.v1.LocationMetadata"},"locationId":"us-east4","displayName":"Northern Virginia"},{"name":"projects/porscheforyou-6dcd4/locations/us-east5","labels":{"cloud.googleapis.com/location":"us-east5","cloud.googleapis.com/region":"us-east5"},"metadata":{"@type":"type.googleapis.com/google.firestore.admin.v1.LocationMetadata"},"locationId":"us-east5","displayName":"Columbus"},{"name":"projects/porscheforyou-6dcd4/locations/us-south1","labels":{"cloud.googleapis.com/location":"us-south1","cloud.googleapis.com/region":"us-south1"},"metadata":{"@type":"type.googleapis.com/google.firestore.admin.v1.LocationMetadata"},"locationId":"us-south1","displayName":"Dallas"},{"name":"projects/porscheforyou-6dcd4/locations/us-west1","labels":{"appengine.googleapis.com/region":"us-west1","cloud.googleapis.com/location":"us-west1","cloud.googleapis.com/region":"us-west1"},"metadata":{"@type":"type.googleapis.com/google.firestore.admin.v1.LocationMetadata"},"locationId":"us-west1","displayName":"Oregon"},{"name":"projects/porscheforyou-6dcd4/locations/us-west2","labels":{"appengine.googleapis.com/region":"us-west2","cloud.googleapis.com/location":"us-west2","cloud.googleapis.com/region":"us-west2"},"metadata":{"@type":"type.googleapis.com/google.firestore.admin.v1.LocationMetadata"},"locationId":"us-west2","displayName":"Los Angeles"},{"name":"projects/porscheforyou-6dcd4/locations/us-west3","labels":{"appengine.googleapis.com/region":"us-west3","cloud.googleapis.com/location":"us-west3","cloud.googleapis.com/region":"us-west3"},"metadata":{"@type":"type.googleapis.com/google.firestore.admin.v1.LocationMetadata"},"locationId":"us-west3","displayName":"Salt Lake City"},{"name":"projects/porscheforyou-6dcd4/locations/us-west4","labels":{"appengine.googleapis.com/region":"us-west4","cloud.googleapis.com/location":"us-west4","cloud.googleapis.com/region":"us-west4"},"metadata":{"@type":"type.googleapis.com/google.firestore.admin.v1.LocationMetadata"},"locationId":"us-west4","displayName":"Las Vegas"}]}
[info] 
[info] Firestore Security Rules allow you to define how and when to allow
[info] requests. You can keep these rules in your project directory
[info] and publish them with firebase deploy.
[info] 
[debug] [2025-12-19T18:33:00.333Z] Checked if tokens are valid: true, expires at: 1766172623051
[debug] [2025-12-19T18:33:00.333Z] Checked if tokens are valid: true, expires at: 1766172623051
[debug] [2025-12-19T18:33:00.333Z] >>> [apiv2][query] GET https://firebaserules.googleapis.com/v1/projects/porscheforyou-6dcd4/releases pageSize=10&pageToken=
[debug] [2025-12-19T18:33:01.563Z] <<< [apiv2][status] GET https://firebaserules.googleapis.com/v1/projects/porscheforyou-6dcd4/releases 200
[debug] [2025-12-19T18:33:01.564Z] <<< [apiv2][body] GET https://firebaserules.googleapis.com/v1/projects/porscheforyou-6dcd4/releases {}
[info] 
[info] Firestore indexes allow you to perform complex queries while
[info] maintaining performance that scales with the size of the result
[info] set. You can keep index definitions in your project directory
[info] and publish them with firebase deploy.
[info] 
[debug] [2025-12-19T18:33:21.988Z] Checked if tokens are valid: true, expires at: 1766172623051
[debug] [2025-12-19T18:33:21.988Z] Checked if tokens are valid: true, expires at: 1766172623051
[debug] [2025-12-19T18:33:21.988Z] Checked if tokens are valid: true, expires at: 1766172623051
[debug] [2025-12-19T18:33:21.988Z] Checked if tokens are valid: true, expires at: 1766172623051
[debug] [2025-12-19T18:33:21.989Z] >>> [apiv2][query] GET https://firestore.googleapis.com/v1/projects/porscheforyou-6dcd4/databases/(default)/collectionGroups/-/indexes [none]
[debug] [2025-12-19T18:33:21.990Z] >>> [apiv2][query] GET https://firestore.googleapis.com/v1/projects/porscheforyou-6dcd4/databases/(default)/collectionGroups/-/fields?filter=indexConfig.usesAncestorConfig=false OR ttlConfig:* [none]
[debug] [2025-12-19T18:33:22.300Z] <<< [apiv2][status] GET https://firestore.googleapis.com/v1/projects/porscheforyou-6dcd4/databases/(default)/collectionGroups/-/indexes 404
[debug] [2025-12-19T18:33:22.300Z] <<< [apiv2][body] GET https://firestore.googleapis.com/v1/projects/porscheforyou-6dcd4/databases/(default)/collectionGroups/-/indexes {"error":{"code":404,"message":"Project 'porscheforyou-6dcd4' or database '(default)' does not exist.","status":"NOT_FOUND"}}
[info] +  Wrote firestore.rules 
[info] +  Wrote n 
[info] 
=== Genkit Setup
[debug] [2025-12-19T18:33:22.317Z] <<< [apiv2][status] GET https://firestore.googleapis.com/v1/projects/porscheforyou-6dcd4/databases/(default)/collectionGroups/-/fields?filter=indexConfig.usesAncestorConfig=false OR ttlConfig:* 404
[debug] [2025-12-19T18:33:22.317Z] <<< [apiv2][body] GET https://firestore.googleapis.com/v1/projects/porscheforyou-6dcd4/databases/(default)/collectionGroups/-/fields?filter=indexConfig.usesAncestorConfig=false OR ttlConfig:* {"error":{"code":404,"message":"Project 'porscheforyou-6dcd4' or database '(default)' does not exist.","status":"NOT_FOUND"}}
